2026-06-10T21:48:43 thinking
2026-06-10T21:48:53 thinking
2026-06-10T21:48:54 thinking
2026-06-10T21:48:55 thinking
2026-06-10T21:48:55 thinking
2026-06-10T21:48:55 thinking
2026-06-10T21:48:56 thinking
2026-06-10T21:48:59 done
2026-06-10T21:49:02 thinking
2026-06-10T21:49:09 done
2026-06-10T21:49:09 done
2026-06-10T21:49:35 thinking
2026-06-10T21:49:39 thinking
2026-06-10T21:49:43 done
2026-06-10T21:49:43 done
2026-06-10T21:50:05 thinking
2026-06-10T21:50:15 thinking
2026-06-10T21:50:15 thinking
2026-06-10T21:50:15 thinking
2026-06-10T21:50:15 thinking
2026-06-10T21:50:16 thinking
2026-06-10T21:50:32 thinking
2026-06-10T21:50:41 thinking
2026-06-10T21:50:41 thinking
2026-06-10T21:50:55 thinking
2026-06-10T21:50:55 thinking
2026-06-10T21:50:57 thinking
2026-06-10T21:50:57 thinking
2026-06-10T21:51:02 thinking
2026-06-10T21:51:02 thinking
2026-06-10T21:51:02 thinking
2026-06-10T21:51:02 thinking
2026-06-10T21:51:03 thinking
2026-06-10T21:51:03 thinking
2026-06-10T21:51:04 thinking
2026-06-10T21:51:04 thinking
2026-06-10T21:51:04 thinking
2026-06-10T21:51:06 thinking
2026-06-10T21:51:14 done
2026-06-10T21:51:44 thinking
2026-06-10T21:51:56 done
2026-06-10T21:52:44 thinking
2026-06-10T21:53:02 thinking
2026-06-10T21:53:02 thinking
2026-06-10T21:53:02 thinking
2026-06-10T21:53:19 thinking
2026-06-10T21:53:25 done
2026-06-10T21:53:53 thinking
2026-06-10T21:53:58 thinking
2026-06-10T21:53:58 thinking
2026-06-10T21:53:58 thinking
2026-06-10T21:54:02 thinking
2026-06-10T21:54:06 done
2026-06-10T21:54:09 thinking
2026-06-10T21:54:17 done
2026-06-10T21:54:40 thinking
2026-06-10T21:54:52 done
2026-06-10T21:55:38 thinking
2026-06-10T21:55:50 thinking
2026-06-10T21:56:20 thinking
2026-06-10T21:56:41 thinking
2026-06-10T21:56:42 error
2026-06-10T21:56:42 thinking
2026-06-10T21:56:42 thinking
2026-06-10T21:56:48 thinking
2026-06-10T21:56:48 error
2026-06-10T21:56:49 thinking
2026-06-10T21:56:49 thinking
2026-06-10T21:56:54 thinking
2026-06-10T21:57:07 daemon started port=COM14
2026-06-10T21:57:07 daemon send thinking
2026-06-10T21:58:00 daemon started port=COM14
2026-06-10T21:58:00 daemon send thinking
2026-06-10T21:58:02 daemon send off
2026-06-10T21:58:03 daemon send thinking
2026-06-10T21:58:08 daemon send done
2026-06-10T21:58:15 daemon send thinking
2026-06-10T21:58:25 daemon send done
2026-06-10T21:58:50 daemon send thinking
2026-06-10T21:58:55 daemon send off
2026-06-10T21:58:56 daemon send done
2026-06-10T21:59:18 daemon send thinking
2026-06-10T21:59:23 daemon send off
2026-06-10T21:59:24 daemon send done
2026-06-10T22:00:30 daemon send thinking
2026-06-10T22:00:35 daemon send off
2026-06-10T22:00:40 daemon send thinking
2026-06-10T22:00:45 daemon send off
2026-06-10T22:00:47 daemon send thinking
2026-06-10T22:00:48 daemon send error
2026-06-10T22:00:48 daemon send thinking
2026-06-10T22:00:49 daemon send error
2026-06-10T22:00:49 daemon send thinking
2026-06-10T22:01:04 daemon send off
